<?xml version="1.0" encoding="UTF-8"?>
<testsuite name="com.epam.rd.java.basic.practice8.Part1StudentTest" tests="1" skipped="0" failures="0" errors="0" timestamp="2020-09-11T02:52:07" hostname="DESKTOP-1A0RBB1" time="1.707">
  <properties/>
  <testcase name="testPlaceholder" classname="com.epam.rd.java.basic.practice8.Part1StudentTest" time="1.707"/>
  <system-out><![CDATA[=========================== Part 1
[ivanov, petrov, obama]
=========================== Part 2
[teamA, teamB, teamC]
=========================== Part 3
[teamA]
~~~~~
[teamA, teamB]
~~~~~
[teamA, teamB, teamC]
~~~~~
=========================== Part 4
[teamB, teamC]
=========================== Part 5
[teamB, teamX]
]]></system-out>
  <system-err><![CDATA[]]></system-err>
</testsuite>
