<?xml version="1.0" encoding="UTF-8"?>
<testsuite name="com.epam.rd.java.basic.practice8.Part1StudentTest" tests="2" skipped="0" failures="0" errors="0" timestamp="2020-09-11T21:51:21" hostname="DESKTOP-1A0RBB1" time="1.409">
  <properties/>
  <testcase name="shouldInsertNewUser" classname="com.epam.rd.java.basic.practice8.Part1StudentTest" time="1.397"/>
  <testcase name="shouldReturnListOfUsers" classname="com.epam.rd.java.basic.practice8.Part1StudentTest" time="0.012"/>
  <system-out><![CDATA[]]></system-out>
  <system-err><![CDATA[]]></system-err>
</testsuite>
