<?xml version="1.0" encoding="UTF-8"?>
<testsuite name="com.epam.rd.java.basic.practice8.Part3StudentTest" tests="1" skipped="0" failures="0" errors="0" timestamp="2020-09-15T03:02:17" hostname="DESKTOP-1A0RBB1" time="0.0">
  <properties/>
  <testcase name="testPlaceholder" classname="com.epam.rd.java.basic.practice8.Part3StudentTest" time="0.0"/>
  <system-out><![CDATA[]]></system-out>
  <system-err><![CDATA[]]></system-err>
</testsuite>
