<?xml version="1.0" encoding="UTF-8"?>
<testsuite name="com.epam.rd.java.basic.practice8.Part1StudentTest" tests="1" skipped="0" failures="0" errors="0" timestamp="2020-09-11T20:49:01" hostname="DESKTOP-1A0RBB1" time="1.676">
  <properties/>
  <testcase name="demoMainShouldPrintCorrectOutput" classname="com.epam.rd.java.basic.practice8.Part1StudentTest" time="1.676"/>
  <system-out><![CDATA[]]></system-out>
  <system-err><![CDATA[]]></system-err>
</testsuite>
